#
# There is insufficient memory for the Java Runtime Environment to continue.
# Native memory allocation (malloc) failed to allocate 367152 bytes for Chunk::new
# Possible reasons:
#   The system is out of physical RAM or swap space
#   The process is running with CompressedOops enabled, and the Java Heap may be blocking the growth of the native heap
# Possible solutions:
#   Reduce memory load on the system
#   Increase physical memory or swap space
#   Check if swap backing store is full
#   Decrease Java heap size (-Xmx/-Xms)
#   Decrease number of Java threads
#   Decrease Java thread stack sizes (-Xss)
#   Set larger code cache with -XX:ReservedCodeCacheSize=
#   JVM is running with Unscaled Compressed Oops mode in which the Java heap is
#     placed in the first 4GB address space. The Java Heap base address is the
#     maximum limit for the native heap growth. Please use -XX:HeapBaseMinAddress
#     to set the Java Heap base and to place the Java Heap above 4GB virtual address.
# This output file may be truncated or incomplete.
#
#  Out of Memory Error (arena.cpp:189), pid=34152, tid=7456
#
# JRE version: OpenJDK Runtime Environment Temurin-17.0.2+8 (17.0.2+8) (build 17.0.2+8)
# Java VM: OpenJDK 64-Bit Server VM Temurin-17.0.2+8 (17.0.2+8, mixed mode, tiered, compressed oops, compressed class ptrs, g1 gc, windows-amd64)
# No core dump will be written. Minidumps are not enabled by default on client versions of Windows
#

---------------  S U M M A R Y ------------

Command Line: -ea -Dfile.encoding=Cp1252 -XX:+ShowCodeDetailsInExceptionMessages org.testng.remote.RemoteTestNG -serport 53664 -protocol json -d C:\Users\HP\eclipse-workspace-second\Payroll\test-output C:\Users\HP\AppData\Local\Temp\testng-eclipse--568501418\testng-customsuite.xml

Host: AMD Ryzen 5 3500U with Radeon Vega Mobile Gfx  , 8 cores, 3G,  Windows 10 , 64 bit Build 19041 (10.0.19041.1806)
Time: Sat Jul 30 06:28:30 2022 India Standard Time elapsed time: 7.274036 seconds (0d 0h 0m 7s)

---------------  T H R E A D  ---------------

Current thread (0x00000125b2e25830):  JavaThread "C2 CompilerThread0" daemon [_thread_in_native, id=7456, stack(0x0000000c16300000,0x0000000c16400000)]


Current CompileTask:
C2:   7274 2390       4       jdk.internal.org.objectweb.asm.SymbolTable::addConstantUtf8Reference (101 bytes)

Stack: [0x0000000c16300000,0x0000000c16400000]
Native frames: (J=compiled Java code, j=interpreted, Vv=VM code, C=native code)
V  [jvm.dll+0x67564a]
V  [jvm.dll+0x82fc04]
V  [jvm.dll+0x8313ae]
V  [jvm.dll+0x831a13]
V  [jvm.dll+0x245235]
V  [jvm.dll+0xabd7b]
V  [jvm.dll+0xac30c]
V  [jvm.dll+0x3631f7]
V  [jvm.dll+0x32d891]
V  [jvm.dll+0x32cd3a]
V  [jvm.dll+0x2180d1]
V  [jvm.dll+0x2174f1]
V  [jvm.dll+0x1a3a8d]
V  [jvm.dll+0x226ef8]
V  [jvm.dll+0x22503c]
V  [jvm.dll+0x7e596b]
V  [jvm.dll+0x7dff2a]
V  [jvm.dll+0x6744d5]
C  [ucrtbase.dll+0x21bb2]
C  [KERNEL32.DLL+0x17034]
C  [ntdll.dll+0x52651]


---------------  P R O C E S S  ---------------

Threads class SMR info:
_java_thread_list=0x00000125b4e935a0, length=25, elements={
0x000001259995d670, 0x00000125b2da51c0, 0x00000125b2da6140, 0x00000125b2e1b430,
0x00000125b2e1b9f0, 0x00000125b2e1bfb0, 0x00000125b2e21990, 0x00000125b2e25830,
0x00000125b2e25ee0, 0x00000125b2e264e0, 0x00000125b395db60, 0x00000125b3972f60,
0x00000125b40740e0, 0x00000125b3bb4f20, 0x00000125b4ac8880, 0x00000125b4ecbc30,
0x00000125b49bb900, 0x00000125b4e6f410, 0x00000125b4e43180, 0x00000125b4d522b0,
0x00000125b4d52780, 0x00000125b4d52c50, 0x00000125b4d53120, 0x00000125b4d535f0,
0x00000125b4d53ac0
}

Java Threads: ( => current thread )
  0x000001259995d670 JavaThread "main" [_thread_in_Java, id=33656, stack(0x0000000c15600000,0x0000000c15700000)]
  0x00000125b2da51c0 JavaThread "Reference Handler" daemon [_thread_blocked, id=32072, stack(0x0000000c15d00000,0x0000000c15e00000)]
  0x00000125b2da6140 JavaThread "Finalizer" daemon [_thread_blocked, id=32048, stack(0x0000000c15e00000,0x0000000c15f00000)]
  0x00000125b2e1b430 JavaThread "Signal Dispatcher" daemon [_thread_blocked, id=14828, stack(0x0000000c15f00000,0x0000000c16000000)]
  0x00000125b2e1b9f0 JavaThread "Attach Listener" daemon [_thread_blocked, id=33972, stack(0x0000000c16000000,0x0000000c16100000)]
  0x00000125b2e1bfb0 JavaThread "Service Thread" daemon [_thread_blocked, id=23840, stack(0x0000000c16100000,0x0000000c16200000)]
  0x00000125b2e21990 JavaThread "Monitor Deflation Thread" daemon [_thread_blocked, id=32944, stack(0x0000000c16200000,0x0000000c16300000)]
=>0x00000125b2e25830 JavaThread "C2 CompilerThread0" daemon [_thread_in_native, id=7456, stack(0x0000000c16300000,0x0000000c16400000)]
  0x00000125b2e25ee0 JavaThread "C1 CompilerThread0" daemon [_thread_blocked, id=34332, stack(0x0000000c16400000,0x0000000c16500000)]
  0x00000125b2e264e0 JavaThread "Sweeper thread" daemon [_thread_blocked, id=33948, stack(0x0000000c16500000,0x0000000c16600000)]
  0x00000125b395db60 JavaThread "Notification Thread" daemon [_thread_blocked, id=35096, stack(0x0000000c16600000,0x0000000c16700000)]
  0x00000125b3972f60 JavaThread "Common-Cleaner" daemon [_thread_blocked, id=33508, stack(0x0000000c16800000,0x0000000c16900000)]
  0x00000125b40740e0 JavaThread "ReaderThread" [_thread_in_native, id=12784, stack(0x0000000c16a00000,0x0000000c16b00000)]
  0x00000125b3bb4f20 JavaThread "ForkJoinPool.commonPool-worker-1" daemon [_thread_blocked, id=34252, stack(0x0000000c17000000,0x0000000c17100000)]
  0x00000125b4ac8880 JavaThread "ForkJoinPool.commonPool-worker-2" daemon [_thread_blocked, id=25844, stack(0x0000000c17100000,0x0000000c17200000)]
  0x00000125b4ecbc30 JavaThread "AsyncHttpClient-1-1" daemon [_thread_blocked, id=35348, stack(0x0000000c17500000,0x0000000c17600000)]
  0x00000125b49bb900 JavaThread "Exec Default Executor" daemon [_thread_in_native, id=35356, stack(0x0000000c17600000,0x0000000c17700000)]
  0x00000125b4e6f410 JavaThread "Driver Service Executor" daemon [_thread_blocked, id=35524, stack(0x0000000c17700000,0x0000000c17800000)]
  0x00000125b4e43180 JavaThread "Driver Service Executor" daemon [_thread_blocked, id=30232, stack(0x0000000c17800000,0x0000000c17900000)]
  0x00000125b4d522b0 JavaThread "UrlChecker-2" daemon [_thread_blocked, id=30876, stack(0x0000000c17900000,0x0000000c17a00000)]
  0x00000125b4d52780 JavaThread "Exec Stream Pumper" daemon [_thread_in_native, id=28024, stack(0x0000000c17a00000,0x0000000c17b00000)]
  0x00000125b4d52c50 JavaThread "Exec Stream Pumper" daemon [_thread_in_native, id=22628, stack(0x0000000c17b00000,0x0000000c17c00000)]
  0x00000125b4d53120 JavaThread "Keep-Alive-Timer" daemon [_thread_blocked, id=31028, stack(0x0000000c17c00000,0x0000000c17d00000)]
  0x00000125b4d535f0 JavaThread "AsyncHttpClient-1-2" daemon [_thread_in_native, id=11036, stack(0x0000000c17d00000,0x0000000c17e00000)]
  0x00000125b4d53ac0 JavaThread "AsyncHttpClient-1-3" daemon [_thread_in_native, id=33764, stack(0x0000000c17e00000,0x0000000c17f00000)]

Other Threads:
  0x00000125b2d636e0 VMThread "VM Thread" [stack: 0x0000000c15c00000,0x0000000c15d00000] [id=31860]
  0x000001259b9733c0 WatcherThread [stack: 0x0000000c16700000,0x0000000c16800000] [id=34036]
  0x000001259b961ef0 GCTaskThread "GC Thread#0" [stack: 0x0000000c15700000,0x0000000c15800000] [id=27772]
  0x00000125b4a07b90 GCTaskThread "GC Thread#1" [stack: 0x0000000c16b00000,0x0000000c16c00000] [id=31380]
  0x00000125b4a07e40 GCTaskThread "GC Thread#2" [stack: 0x0000000c16c00000,0x0000000c16d00000] [id=27168]
  0x00000125b4a080f0 GCTaskThread "GC Thread#3" [stack: 0x0000000c16d00000,0x0000000c16e00000] [id=32744]
  0x00000125b42efb00 GCTaskThread "GC Thread#4" [stack: 0x0000000c16e00000,0x0000000c16f00000] [id=32200]
  0x00000125b4a42bb0 GCTaskThread "GC Thread#5" [stack: 0x0000000c16f00000,0x0000000c17000000] [id=34348]
  0x00000125b4ca0c50 GCTaskThread "GC Thread#6" [stack: 0x0000000c17200000,0x0000000c17300000] [id=35684]
  0x00000125b4879600 GCTaskThread "GC Thread#7" [stack: 0x0000000c17300000,0x0000000c17400000] [id=34772]
  0x000001259b96abc0 ConcurrentGCThread "G1 Main Marker" [stack: 0x0000000c15800000,0x0000000c15900000] [id=33796]
  0x000001259b96bd70 ConcurrentGCThread "G1 Conc#0" [stack: 0x0000000c15900000,0x0000000c15a00000] [id=25348]
  0x00000125b42ef830 ConcurrentGCThread "G1 Conc#1" [stack: 0x0000000c17400000,0x0000000c17500000] [id=33292]
  0x000001259b9e92b0 ConcurrentGCThread "G1 Refine#0" [stack: 0x0000000c15a00000,0x0000000c15b00000] [id=32480]
  0x000001259b9e98e0 ConcurrentGCThread "G1 Service" [stack: 0x0000000c15b00000,0x0000000c15c00000] [id=31656]

Threads with active compile tasks:
C2 CompilerThread0     7308 2390       4       jdk.internal.org.objectweb.asm.SymbolTable::addConstantUtf8Reference (101 bytes)
C1 CompilerThread0     7308 2439       3       java.util.Objects::hashCode (13 bytes)

VM state: not at safepoint (normal execution)

VM Mutex/Monitor currently owned by a thread: None

Heap address: 0x00000000c9400000, size: 876 MB, Compressed Oops mode: 32-bit

CDS archive(s) not mapped
Compressed class space mapped at: 0x0000000100000000-0x0000000140000000, reserved size: 1073741824
Narrow klass base: 0x0000000000000000, Narrow klass shift: 3, Narrow klass range: 0x140000000

GC Precious Log:
 CPUs: 8 total, 8 available
 Memory: 3498M
 Large Page Support: Disabled
 NUMA Support: Disabled
 Compressed Oops: Enabled (32-bit)
 Heap Region Size: 1M
 Heap Min Capacity: 8M
 Heap Initial Capacity: 56M
 Heap Max Capacity: 876M
 Pre-touch: Disabled
 Parallel Workers: 8
 Concurrent Workers: 2
 Concurrent Refinement Workers: 8
 Periodic GC: Disabled

Heap:
 garbage-first heap   total 48128K, used 33782K [0x00000000c9400000, 0x0000000100000000)
  region size 1024K, 16 young (16384K), 2 survivors (2048K)
 Metaspace       used 33830K, committed 34112K, reserved 1081344K
  class space    used 3882K, committed 4032K, reserved 1048576K

Heap Regions: E=young(eden), S=young(survivor), O=old, HS=humongous(starts), HC=humongous(continues), CS=collection set, F=free, OA=open archive, CA=closed archive, TAMS=top-at-mark-start (previous, next)
|   0|0x00000000c9400000, 0x00000000c9500000, 0x00000000c9500000|100%|HS|  |TAMS 0x00000000c9500000, 0x00000000c9400000| Complete 
|   1|0x00000000c9500000, 0x00000000c9600000, 0x00000000c9600000|100%| O|  |TAMS 0x00000000c9600000, 0x00000000c9500000| Untracked 
|   2|0x00000000c9600000, 0x00000000c9700000, 0x00000000c9700000|100%| O|  |TAMS 0x00000000c9700000, 0x00000000c9600000| Untracked 
|   3|0x00000000c9700000, 0x00000000c9800000, 0x00000000c9800000|100%| O|  |TAMS 0x00000000c9800000, 0x00000000c9700000| Untracked 
|   4|0x00000000c9800000, 0x00000000c9900000, 0x00000000c9900000|100%| O|  |TAMS 0x00000000c9900000, 0x00000000c9800000| Untracked 
|   5|0x00000000c9900000, 0x00000000c9a00000, 0x00000000c9a00000|100%| O|  |TAMS 0x00000000c9a00000, 0x00000000c9900000| Untracked 
|   6|0x00000000c9a00000, 0x00000000c9b00000, 0x00000000c9b00000|100%| O|  |TAMS 0x00000000c9b00000, 0x00000000c9a00000| Untracked 
|   7|0x00000000c9b00000, 0x00000000c9c00000, 0x00000000c9c00000|100%| O|  |TAMS 0x00000000c9c00000, 0x00000000c9b00000| Untracked 
|   8|0x00000000c9c00000, 0x00000000c9d00000, 0x00000000c9d00000|100%| O|  |TAMS 0x00000000c9c73600, 0x00000000c9c00000| Untracked 
|   9|0x00000000c9d00000, 0x00000000c9e00000, 0x00000000c9e00000|100%| O|  |TAMS 0x00000000c9d00000, 0x00000000c9d00000| Untracked 
|  10|0x00000000c9e00000, 0x00000000c9f00000, 0x00000000c9f00000|100%| O|  |TAMS 0x00000000c9e00000, 0x00000000c9e00000| Untracked 
|  11|0x00000000c9f00000, 0x00000000c9f6dc00, 0x00000000ca000000| 42%| O|  |TAMS 0x00000000c9f00000, 0x00000000c9f00000| Untracked 
|  12|0x00000000ca000000, 0x00000000ca100000, 0x00000000ca100000|100%| O|  |TAMS 0x00000000ca000000, 0x00000000ca000000| Untracked 
|  13|0x00000000ca100000, 0x00000000ca200000, 0x00000000ca200000|100%| O|  |TAMS 0x00000000ca100000, 0x00000000ca100000| Untracked 
|  14|0x00000000ca200000, 0x00000000ca300000, 0x00000000ca300000|100%| O|  |TAMS 0x00000000ca200000, 0x00000000ca200000| Untracked 
|  15|0x00000000ca300000, 0x00000000ca317c00, 0x00000000ca400000|  9%| O|  |TAMS 0x00000000ca300000, 0x00000000ca300000| Untracked 
|  16|0x00000000ca400000, 0x00000000ca500000, 0x00000000ca500000|100%|HS|  |TAMS 0x00000000ca400000, 0x00000000ca400000| Complete 
|  17|0x00000000ca500000, 0x00000000ca600000, 0x00000000ca600000|100%|HC|  |TAMS 0x00000000ca500000, 0x00000000ca500000| Complete 
|  18|0x00000000ca600000, 0x00000000ca700000, 0x00000000ca700000|100%|HC|  |TAMS 0x00000000ca600000, 0x00000000ca600000| Complete 
|  19|0x00000000ca700000, 0x00000000ca800000, 0x00000000ca800000|100%|HC|  |TAMS 0x00000000ca700000, 0x00000000ca700000| Complete 
|  20|0x00000000ca800000, 0x00000000ca900000, 0x00000000ca900000|100%|HC|  |TAMS 0x00000000ca800000, 0x00000000ca800000| Complete 
|  21|0x00000000ca900000, 0x00000000ca900000, 0x00000000caa00000|  0%| F|  |TAMS 0x00000000ca900000, 0x00000000ca900000| Untracked 
|  22|0x00000000caa00000, 0x00000000caa00000, 0x00000000cab00000|  0%| F|  |TAMS 0x00000000caa00000, 0x00000000caa00000| Untracked 
|  23|0x00000000cab00000, 0x00000000cab00000, 0x00000000cac00000|  0%| F|  |TAMS 0x00000000cab00000, 0x00000000cab00000| Untracked 
|  24|0x00000000cac00000, 0x00000000cac00000, 0x00000000cad00000|  0%| F|  |TAMS 0x00000000cac00000, 0x00000000cac00000| Untracked 
|  25|0x00000000cad00000, 0x00000000cad00000, 0x00000000cae00000|  0%| F|  |TAMS 0x00000000cad00000, 0x00000000cad00000| Untracked 
|  26|0x00000000cae00000, 0x00000000cae00000, 0x00000000caf00000|  0%| F|  |TAMS 0x00000000cae00000, 0x00000000cae00000| Untracked 
|  27|0x00000000caf00000, 0x00000000caf00000, 0x00000000cb000000|  0%| F|  |TAMS 0x00000000caf00000, 0x00000000caf00000| Untracked 
|  28|0x00000000cb000000, 0x00000000cb0782a0, 0x00000000cb100000| 46%| S|CS|TAMS 0x00000000cb000000, 0x00000000cb000000| Complete 
|  29|0x00000000cb100000, 0x00000000cb200000, 0x00000000cb200000|100%| S|CS|TAMS 0x00000000cb100000, 0x00000000cb100000| Complete 
|  30|0x00000000cb200000, 0x00000000cb200000, 0x00000000cb300000|  0%| F|  |TAMS 0x00000000cb200000, 0x00000000cb200000| Untracked 
|  31|0x00000000cb300000, 0x00000000cb300000, 0x00000000cb400000|  0%| F|  |TAMS 0x00000000cb300000, 0x00000000cb300000| Untracked 
|  32|0x00000000cb400000, 0x00000000cb400000, 0x00000000cb500000|  0%| F|  |TAMS 0x00000000cb400000, 0x00000000cb400000| Untracked 
|  33|0x00000000cb500000, 0x00000000cb58d4a0, 0x00000000cb600000| 55%| E|  |TAMS 0x00000000cb500000, 0x00000000cb500000| Complete 
|  34|0x00000000cb600000, 0x00000000cb700000, 0x00000000cb700000|100%| E|CS|TAMS 0x00000000cb600000, 0x00000000cb600000| Complete 
|  35|0x00000000cb700000, 0x00000000cb800000, 0x00000000cb800000|100%| E|CS|TAMS 0x00000000cb700000, 0x00000000cb700000| Complete 
|  36|0x00000000cb800000, 0x00000000cb900000, 0x00000000cb900000|100%| E|CS|TAMS 0x00000000cb800000, 0x00000000cb800000| Complete 
|  37|0x00000000cb900000, 0x00000000cba00000, 0x00000000cba00000|100%| E|CS|TAMS 0x00000000cb900000, 0x00000000cb900000| Complete 
|  38|0x00000000cba00000, 0x00000000cbb00000, 0x00000000cbb00000|100%| E|  |TAMS 0x00000000cba00000, 0x00000000cba00000| Complete 
|  39|0x00000000cbb00000, 0x00000000cbc00000, 0x00000000cbc00000|100%| E|CS|TAMS 0x00000000cbb00000, 0x00000000cbb00000| Complete 
|  40|0x00000000cbc00000, 0x00000000cbd00000, 0x00000000cbd00000|100%| E|CS|TAMS 0x00000000cbc00000, 0x00000000cbc00000| Complete 
|  41|0x00000000cbd00000, 0x00000000cbe00000, 0x00000000cbe00000|100%| E|CS|TAMS 0x00000000cbd00000, 0x00000000cbd00000| Complete 
|  42|0x00000000cbe00000, 0x00000000cbf00000, 0x00000000cbf00000|100%| E|CS|TAMS 0x00000000cbe00000, 0x00000000cbe00000| Complete 
|  43|0x00000000cbf00000, 0x00000000cc000000, 0x00000000cc000000|100%| E|CS|TAMS 0x00000000cbf00000, 0x00000000cbf00000| Complete 
|  44|0x00000000cc000000, 0x00000000cc100000, 0x00000000cc100000|100%| E|CS|TAMS 0x00000000cc000000, 0x00000000cc000000| Complete 
|  51|0x00000000cc700000, 0x00000000cc800000, 0x00000000cc800000|100%| E|CS|TAMS 0x00000000cc700000, 0x00000000cc700000| Complete 
|  55|0x00000000ccb00000, 0x00000000ccc00000, 0x00000000ccc00000|100%| E|CS|TAMS 0x00000000ccb00000, 0x00000000ccb00000| Complete 

Card table byte_map: [0x00000125ae4d0000,0x00000125ae690000] _byte_map_base: 0x00000125ade86000

Marking Bits (Prev, Next): (CMBitMap*) 0x000001259b963550, (CMBitMap*) 0x000001259b963510
 Prev Bits: [0x00000125af600000, 0x00000125b03b0000)
 Next Bits: [0x00000125ae850000, 0x00000125af600000)

Polling page: 0x000001259b100000

Metaspace:

Usage:
  Non-class:     29.26 MB used.
      Class:      3.79 MB used.
       Both:     33.05 MB used.

Virtual space:
  Non-class space:       32.00 MB reserved,      29.44 MB ( 92%) committed,  4 nodes.
      Class space:        1.00 GB reserved,       3.94 MB ( <1%) committed,  1 nodes.
             Both:        1.03 GB reserved,      33.38 MB (  3%) committed. 

Chunk freelists:
   Non-Class:  1.98 MB
       Class:  111.00 KB
        Both:  2.09 MB

MaxMetaspaceSize: unlimited
CompressedClassSpaceSize: 1.00 GB
Initial GC threshold: 21.00 MB
Current GC threshold: 35.12 MB
CDS: off
MetaspaceReclaimPolicy: balanced
 - commit_granule_bytes: 65536.
 - commit_granule_words: 8192.
 - virtual_space_node_default_size: 1048576.
 - enlarge_chunks_in_place: 1.
 - new_chunks_are_fully_committed: 0.
 - uncommit_free_chunks: 1.
 - use_allocation_guard: 0.
 - handle_deallocations: 1.


Internal statistics:

num_allocs_failed_limit: 3.
num_arena_births: 212.
num_arena_deaths: 0.
num_vsnodes_births: 5.
num_vsnodes_deaths: 0.
num_space_committed: 534.
num_space_uncommitted: 0.
num_chunks_returned_to_freelist: 3.
num_chunks_taken_from_freelist: 863.
num_chunk_merges: 3.
num_chunk_splits: 596.
num_chunks_enlarged: 468.
num_purges: 0.
num_inconsistent_stats: 0.

CodeHeap 'non-profiled nmethods': size=120000Kb used=1165Kb max_used=1165Kb free=118834Kb
 bounds [0x00000125a6ab0000, 0x00000125a6d20000, 0x00000125adfe0000]
CodeHeap 'profiled nmethods': size=120000Kb used=4521Kb max_used=4521Kb free=115478Kb
 bounds [0x000001259f580000, 0x000001259f9f0000, 0x00000125a6ab0000]
CodeHeap 'non-nmethods': size=5760Kb used=1282Kb max_used=1305Kb free=4477Kb
 bounds [0x000001259efe0000, 0x000001259f250000, 0x000001259f580000]
 total_blobs=3022 nmethods=2427 adapters=507
 compilation: enabled
              stopped_count=0, restarted_count=0
 full_count=0

Compilation events (20 events):
Event: 7.264 Thread 0x00000125b2e25ee0 2398       3       com.google.common.base.Preconditions::checkPositionIndex (25 bytes)
Event: 7.265 Thread 0x00000125b2e25ee0 nmethod 2398 0x000001259f9dbf90 code [0x000001259f9dc140, 0x000001259f9dc398]
Event: 7.265 Thread 0x00000125b2e25ee0 2400       3       com.google.common.base.CharMatcher::indexIn (48 bytes)
Event: 7.265 Thread 0x00000125b2e25ee0 nmethod 2400 0x000001259f9dc490 code [0x000001259f9dc680, 0x000001259f9dcbb8]
Event: 7.265 Thread 0x00000125b2e25ee0 2399       3       com.google.common.base.AbstractIterator::hasNext (65 bytes)
Event: 7.266 Thread 0x00000125b2e25ee0 nmethod 2399 0x000001259f9dcd90 code [0x000001259f9dcf80, 0x000001259f9dd378]
Event: 7.266 Thread 0x00000125b2e25ee0 2401       3       java.lang.String::subSequence (7 bytes)
Event: 7.266 Thread 0x00000125b2e25ee0 nmethod 2401 0x000001259f9dd510 code [0x000001259f9dd6a0, 0x000001259f9dd7e8]
Event: 7.268 Thread 0x00000125b2e25ee0 2404       3       com.google.common.base.Splitter$SplittingIterator::computeNext (279 bytes)
Event: 7.269 Thread 0x00000125b2e25ee0 nmethod 2404 0x000001259f9dd890 code [0x000001259f9ddb80, 0x000001259f9dee28]
Event: 7.269 Thread 0x00000125b2e25ee0 2402       3       com.google.common.base.Splitter$1$1::separatorStart (16 bytes)
Event: 7.269 Thread 0x00000125b2e25ee0 nmethod 2402 0x000001259f9df310 code [0x000001259f9df4c0, 0x000001259f9df6a8]
Event: 7.269 Thread 0x00000125b2e25ee0 2403       3       com.google.common.base.Splitter$SplittingIterator::computeNext (5 bytes)
Event: 7.269 Thread 0x00000125b2e25ee0 nmethod 2403 0x000001259f9df790 code [0x000001259f9df920, 0x000001259f9dfac8]
Event: 7.269 Thread 0x00000125b2e25ee0 2405       3       com.google.common.base.AbstractIterator::tryToComputeNext (36 bytes)
Event: 7.270 Thread 0x00000125b2e25ee0 nmethod 2405 0x000001259f9dfb90 code [0x000001259f9dfd60, 0x000001259f9e01a8]
Event: 7.270 Thread 0x00000125b2e25ee0 2406       3       com.google.common.base.Splitter$1$1::separatorEnd (4 bytes)
Event: 7.270 Thread 0x00000125b2e25ee0 nmethod 2406 0x000001259f9e0290 code [0x000001259f9e0420, 0x000001259f9e0538]
Event: 7.270 Thread 0x00000125b2e25ee0 2407       3       com.google.common.base.AbstractIterator::next (37 bytes)
Event: 7.270 Thread 0x00000125b2e25ee0 nmethod 2407 0x000001259f9e0610 code [0x000001259f9e07e0, 0x000001259f9e0b38]

GC Heap History (10 events):
Event: 1.490 GC heap before
{Heap before GC invocations=0 (full 0):
 garbage-first heap   total 57344K, used 23552K [0x00000000c9400000, 0x0000000100000000)
  region size 1024K, 23 young (23552K), 0 survivors (0K)
 Metaspace       used 13774K, committed 13888K, reserved 1064960K
  class space    used 1345K, committed 1408K, reserved 1048576K
}
Event: 1.496 GC heap after
{Heap after GC invocations=1 (full 0):
 garbage-first heap   total 57344K, used 8753K [0x00000000c9400000, 0x0000000100000000)
  region size 1024K, 3 young (3072K), 3 survivors (3072K)
 Metaspace       used 13774K, committed 13888K, reserved 1064960K
  class space    used 1345K, committed 1408K, reserved 1048576K
}
Event: 2.168 GC heap before
{Heap before GC invocations=1 (full 0):
 garbage-first heap   total 57344K, used 28209K [0x00000000c9400000, 0x0000000100000000)
  region size 1024K, 22 young (22528K), 3 survivors (3072K)
 Metaspace       used 20146K, committed 20352K, reserved 1073152K
  class space    used 2067K, committed 2176K, reserved 1048576K
}
Event: 2.175 GC heap after
{Heap after GC invocations=2 (full 0):
 garbage-first heap   total 57344K, used 11725K [0x00000000c9400000, 0x0000000100000000)
  region size 1024K, 3 young (3072K), 3 survivors (3072K)
 Metaspace       used 20146K, committed 20352K, reserved 1073152K
  class space    used 2067K, committed 2176K, reserved 1048576K
}
Event: 2.278 GC heap before
{Heap before GC invocations=2 (full 0):
 garbage-first heap   total 57344K, used 14797K [0x00000000c9400000, 0x0000000100000000)
  region size 1024K, 7 young (7168K), 3 survivors (3072K)
 Metaspace       used 21349K, committed 21504K, reserved 1073152K
  class space    used 2203K, committed 2304K, reserved 1048576K
}
Event: 2.281 GC heap after
{Heap after GC invocations=3 (full 0):
 garbage-first heap   total 57344K, used 12600K [0x00000000c9400000, 0x0000000100000000)
  region size 1024K, 1 young (1024K), 1 survivors (1024K)
 Metaspace       used 21349K, committed 21504K, reserved 1073152K
  class space    used 2203K, committed 2304K, reserved 1048576K
}
Event: 2.772 GC heap before
{Heap before GC invocations=4 (full 0):
 garbage-first heap   total 48128K, used 34104K [0x00000000c9400000, 0x0000000100000000)
  region size 1024K, 22 young (22528K), 1 survivors (1024K)
 Metaspace       used 24866K, committed 25088K, reserved 1073152K
  class space    used 2667K, committed 2752K, reserved 1048576K
}
Event: 2.776 GC heap after
{Heap after GC invocations=5 (full 0):
 garbage-first heap   total 48128K, used 14901K [0x00000000c9400000, 0x0000000100000000)
  region size 1024K, 3 young (3072K), 3 survivors (3072K)
 Metaspace       used 24866K, committed 25088K, reserved 1073152K
  class space    used 2667K, committed 2752K, reserved 1048576K
}
Event: 3.999 GC heap before
{Heap before GC invocations=5 (full 0):
 garbage-first heap   total 48128K, used 32309K [0x00000000c9400000, 0x0000000100000000)
  region size 1024K, 20 young (20480K), 3 survivors (3072K)
 Metaspace       used 30508K, committed 30720K, reserved 1081344K
  class space    used 3406K, committed 3520K, reserved 1048576K
}
Event: 4.005 GC heap after
{Heap after GC invocations=6 (full 0):
 garbage-first heap   total 48128K, used 16374K [0x00000000c9400000, 0x0000000100000000)
  region size 1024K, 2 young (2048K), 2 survivors (2048K)
 Metaspace       used 30508K, committed 30720K, reserved 1081344K
  class space    used 3406K, committed 3520K, reserved 1048576K
}

Deoptimization events (20 events):
Event: 2.916 Thread 0x000001259995d670 Uncommon trap: trap_request=0xffffffde fr.pc=0x00000125a6b9cb24 relative=0x0000000000000104
Event: 2.916 Thread 0x000001259995d670 Uncommon trap: reason=class_check action=maybe_recompile pc=0x00000125a6b9cb24 method=jdk.internal.misc.Unsafe.allocateUninitializedArray(Ljava/lang/Class;I)Ljava/lang/Object; @ 51 c2
Event: 2.916 Thread 0x000001259995d670 DEOPT PACKING pc=0x00000125a6b9cb24 sp=0x0000000c156fc1e0
Event: 2.916 Thread 0x000001259995d670 DEOPT UNPACKING pc=0x000001259f0323a3 sp=0x0000000c156fc168 mode 2
Event: 2.916 Thread 0x000001259995d670 Uncommon trap: trap_request=0xffffffde fr.pc=0x00000125a6b9cb24 relative=0x0000000000000104
Event: 2.916 Thread 0x000001259995d670 Uncommon trap: reason=class_check action=maybe_recompile pc=0x00000125a6b9cb24 method=jdk.internal.misc.Unsafe.allocateUninitializedArray(Ljava/lang/Class;I)Ljava/lang/Object; @ 51 c2
Event: 2.916 Thread 0x000001259995d670 DEOPT PACKING pc=0x00000125a6b9cb24 sp=0x0000000c156fbde0
Event: 2.916 Thread 0x000001259995d670 DEOPT UNPACKING pc=0x000001259f0323a3 sp=0x0000000c156fbd68 mode 2
Event: 2.917 Thread 0x000001259995d670 Uncommon trap: trap_request=0xffffffde fr.pc=0x00000125a6b9cb24 relative=0x0000000000000104
Event: 2.917 Thread 0x000001259995d670 Uncommon trap: reason=class_check action=maybe_recompile pc=0x00000125a6b9cb24 method=jdk.internal.misc.Unsafe.allocateUninitializedArray(Ljava/lang/Class;I)Ljava/lang/Object; @ 51 c2
Event: 2.917 Thread 0x000001259995d670 DEOPT PACKING pc=0x00000125a6b9cb24 sp=0x0000000c156f8c20
Event: 2.917 Thread 0x000001259995d670 DEOPT UNPACKING pc=0x000001259f0323a3 sp=0x0000000c156f8ba8 mode 2
Event: 2.917 Thread 0x000001259995d670 Uncommon trap: trap_request=0xffffffde fr.pc=0x00000125a6b9cb24 relative=0x0000000000000104
Event: 2.917 Thread 0x000001259995d670 Uncommon trap: reason=class_check action=maybe_recompile pc=0x00000125a6b9cb24 method=jdk.internal.misc.Unsafe.allocateUninitializedArray(Ljava/lang/Class;I)Ljava/lang/Object; @ 51 c2
Event: 2.917 Thread 0x000001259995d670 DEOPT PACKING pc=0x00000125a6b9cb24 sp=0x0000000c156f8820
Event: 2.918 Thread 0x000001259995d670 DEOPT UNPACKING pc=0x000001259f0323a3 sp=0x0000000c156f87a8 mode 2
Event: 3.151 Thread 0x000001259995d670 Uncommon trap: trap_request=0xffffff45 fr.pc=0x00000125a6b2fe94 relative=0x0000000000000574
Event: 3.151 Thread 0x000001259995d670 Uncommon trap: reason=unstable_if action=reinterpret pc=0x00000125a6b2fe94 method=java.lang.String.replace(CC)Ljava/lang/String; @ 2 c2
Event: 3.151 Thread 0x000001259995d670 DEOPT PACKING pc=0x00000125a6b2fe94 sp=0x0000000c156fd4f0
Event: 3.151 Thread 0x000001259995d670 DEOPT UNPACKING pc=0x000001259f0323a3 sp=0x0000000c156fd4a0 mode 2

Classes unloaded (0 events):
No events

Classes redefined (0 events):
No events

Internal exceptions (20 events):
Event: 3.225 Thread 0x00000125b49bb900 Exception <a 'java/lang/NoSuchMethodError'{0x00000000cb66c8b8}: 'java.lang.Object java.lang.invoke.DirectMethodHandle$Holder.newInvokeSpecial(java.lang.Object, long)'> (0x00000000cb66c8b8) 
thrown [e:\jenkins\tmp\workspace\build\src\src\hotspot\share\interpreter\linkResolver.cpp, line 766]
Event: 3.225 Thread 0x00000125b4d522b0 Exception <a 'java/net/ConnectException'{0x00000000cb69a870}: Connection refused: no further information> (0x00000000cb69a870) 
thrown [e:\jenkins\tmp\workspace\build\src\src\hotspot\share\prims\jni.cpp, line 535]
Event: 3.225 Thread 0x00000125b4d522b0 Exception <a 'java/net/SocketException'{0x00000000cb69aba8}: Socket is not connected: shutdown> (0x00000000cb69aba8) 
thrown [e:\jenkins\tmp\workspace\build\src\src\hotspot\share\prims\jni.cpp, line 535]
Event: 3.231 Thread 0x00000125b49bb900 Exception <a 'java/lang/NoSuchMethodError'{0x00000000cb6b0e18}: 'java.lang.Object java.lang.invoke.DirectMethodHandle$Holder.invokeStaticInit(java.lang.Object, java.lang.Object, long, java.lang.Object)'> (0x00000000cb6b0e18) 
thrown [e:\jenkins\tmp\workspace\build\src\src\hotspot\share\interpreter\linkResolver.cpp, line 766]
Event: 3.232 Thread 0x00000125b49bb900 Exception <a 'java/lang/NoSuchMethodError'{0x00000000cb6b6e60}: 'java.lang.Object java.lang.invoke.DirectMethodHandle$Holder.newInvokeSpecial(java.lang.Object, java.lang.Object, long)'> (0x00000000cb6b6e60) 
thrown [e:\jenkins\tmp\workspace\build\src\src\hotspot\share\interpreter\linkResolver.cpp, line 766]
Event: 3.233 Thread 0x00000125b49bb900 Exception <a 'java/lang/NoSuchMethodError'{0x00000000cb6ba9d0}: 'java.lang.Object java.lang.invoke.Invokers$Holder.linkToTargetMethod(java.lang.Object, long, java.lang.Object)'> (0x00000000cb6ba9d0) 
thrown [e:\jenkins\tmp\workspace\build\src\src\hotspot\share\interpreter\linkResolver.cpp, line 766]
Event: 3.272 Thread 0x00000125b4d522b0 Exception <a 'java/net/ConnectException'{0x00000000cb69bb40}: Connection refused: no further information> (0x00000000cb69bb40) 
thrown [e:\jenkins\tmp\workspace\build\src\src\hotspot\share\prims\jni.cpp, line 535]
Event: 3.272 Thread 0x00000125b4d522b0 Exception <a 'java/net/SocketException'{0x00000000cb69be78}: Socket is not connected: shutdown> (0x00000000cb69be78) 
thrown [e:\jenkins\tmp\workspace\build\src\src\hotspot\share\prims\jni.cpp, line 535]
Event: 3.366 Thread 0x00000125b4d522b0 Exception <a 'java/net/ConnectException'{0x00000000cb69ce10}: Connection refused: no further information> (0x00000000cb69ce10) 
thrown [e:\jenkins\tmp\workspace\build\src\src\hotspot\share\prims\jni.cpp, line 535]
Event: 3.366 Thread 0x00000125b4d522b0 Exception <a 'java/net/SocketException'{0x00000000cb69d148}: Socket is not connected: shutdown> (0x00000000cb69d148) 
thrown [e:\jenkins\tmp\workspace\build\src\src\hotspot\share\prims\jni.cpp, line 535]
Event: 3.538 Thread 0x00000125b4d522b0 Exception <a 'java/net/ConnectException'{0x00000000cb69e0e0}: Connection refused: no further information> (0x00000000cb69e0e0) 
thrown [e:\jenkins\tmp\workspace\build\src\src\hotspot\share\prims\jni.cpp, line 535]
Event: 3.538 Thread 0x00000125b4d522b0 Exception <a 'java/net/SocketException'{0x00000000cb69e418}: Socket is not connected: shutdown> (0x00000000cb69e418) 
thrown [e:\jenkins\tmp\workspace\build\src\src\hotspot\share\prims\jni.cpp, line 535]
Event: 3.896 Thread 0x000001259995d670 Exception <a 'java/lang/NoSuchMethodError'{0x00000000cb540488}: 'double java.lang.invoke.DirectMethodHandle$Holder.invokeVirtual(java.lang.Object, java.lang.Object)'> (0x00000000cb540488) 
thrown [e:\jenkins\tmp\workspace\build\src\src\hotspot\share\interpreter\linkResolver.cpp, line 766]
Event: 3.898 Thread 0x000001259995d670 Exception <a 'java/lang/NoSuchMethodError'{0x00000000cb546ed8}: 'float java.lang.invoke.DirectMethodHandle$Holder.invokeVirtual(java.lang.Object, java.lang.Object)'> (0x00000000cb546ed8) 
thrown [e:\jenkins\tmp\workspace\build\src\src\hotspot\share\interpreter\linkResolver.cpp, line 766]
Event: 3.899 Thread 0x000001259995d670 Exception <a 'java/lang/NoSuchMethodError'{0x00000000cb550160}: 'long java.lang.invoke.DirectMethodHandle$Holder.invokeVirtual(java.lang.Object, java.lang.Object)'> (0x00000000cb550160) 
thrown [e:\jenkins\tmp\workspace\build\src\src\hotspot\share\interpreter\linkResolver.cpp, line 766]
Event: 3.935 Thread 0x000001259995d670 Exception <a 'java/lang/NoSuchMethodError'{0x00000000cb4a4260}: 'void java.lang.invoke.DirectMethodHandle$Holder.invokeSpecial(java.lang.Object, java.lang.Object, java.lang.Object, java.lang.Object, java.lang.Object)'> (0x00000000cb4a4260) 
thrown [e:\jenkins\tmp\workspace\build\src\src\hotspot\share\interpreter\linkResolver.cpp, line 766]
Event: 3.936 Thread 0x000001259995d670 Exception <a 'java/lang/NoSuchMethodError'{0x00000000cb4ab3e8}: 'void java.lang.invoke.DirectMethodHandle$Holder.invokeStatic(java.lang.Object, java.lang.Object, int)'> (0x00000000cb4ab3e8) 
thrown [e:\jenkins\tmp\workspace\build\src\src\hotspot\share\interpreter\linkResolver.cpp, line 766]
Event: 3.984 Thread 0x000001259995d670 Exception <a 'java/lang/NoSuchMethodError'{0x00000000cb268710}: 'int java.lang.invoke.DirectMethodHandle$Holder.invokeSpecialIFC(java.lang.Object, java.lang.Object, java.lang.Object)'> (0x00000000cb268710) 
thrown [e:\jenkins\tmp\workspace\build\src\src\hotspot\share\interpreter\linkResolver.cpp, line 766]
Event: 4.093 Thread 0x000001259995d670 Exception <a 'java/lang/NoSuchMethodError'{0x00000000cc0833b8}: 'void java.lang.invoke.DirectMethodHandle$Holder.invokeSpecial(java.lang.Object, java.lang.Object, java.lang.Object, java.lang.Object, java.lang.Object, java.lang.Object)'> (0x00000000cc0833b8) 
thrown [e:\jenkins\tmp\workspace\build\src\src\hotspot\share\interpreter\linkResolver.cpp, line 766]
Event: 7.243 Thread 0x000001259995d670 Exception <a 'java/lang/NoSuchMethodError'{0x00000000cb73aa98}: 'java.lang.Object java.lang.invoke.DirectMethodHandle$Holder.invokeSpecialIFC(java.lang.Object, java.lang.Object, java.lang.Object)'> (0x00000000cb73aa98) 
thrown [e:\jenkins\tmp\workspace\build\src\src\hotspot\share\interpreter\linkResolver.cpp, line 766]

VM Operations (20 events):
Event: 2.277 Executing VM operation: CollectForMetadataAllocation
Event: 2.281 Executing VM operation: CollectForMetadataAllocation done
Event: 2.288 Executing VM operation: G1Concurrent
Event: 2.289 Executing VM operation: G1Concurrent done
Event: 2.292 Executing VM operation: G1Concurrent
Event: 2.292 Executing VM operation: G1Concurrent done
Event: 2.772 Executing VM operation: G1CollectForAllocation
Event: 2.776 Executing VM operation: G1CollectForAllocation done
Event: 3.785 Executing VM operation: Cleanup
Event: 3.786 Executing VM operation: Cleanup done
Event: 3.869 Executing VM operation: HandshakeAllThreads
Event: 3.869 Executing VM operation: HandshakeAllThreads done
Event: 3.870 Executing VM operation: HandshakeAllThreads
Event: 3.870 Executing VM operation: HandshakeAllThreads done
Event: 3.873 Executing VM operation: HandshakeAllThreads
Event: 3.873 Executing VM operation: HandshakeAllThreads done
Event: 3.999 Executing VM operation: G1CollectForAllocation
Event: 4.005 Executing VM operation: G1CollectForAllocation done
Event: 5.015 Executing VM operation: Cleanup
Event: 5.015 Executing VM operation: Cleanup done

Events (20 events):
Event: 7.240 loading class java/math/MathContext
Event: 7.240 loading class java/math/MathContext done
Event: 7.251 loading class java/util/logging/LogRecord$CallerFinder
Event: 7.251 loading class java/util/logging/LogRecord$CallerFinder done
Event: 7.251 loading class java/lang/StackWalker$Option
Event: 7.251 loading class java/lang/StackWalker$Option done
Event: 7.252 loading class java/lang/StackStreamFactory
Event: 7.252 loading class java/lang/StackStreamFactory done
Event: 7.252 loading class java/lang/StackWalker$ExtendedOption
Event: 7.252 loading class java/lang/StackWalker$ExtendedOption done
Event: 7.252 loading class java/lang/StackStreamFactory$StackFrameTraverser
Event: 7.253 loading class java/lang/StackStreamFactory$StackFrameTraverser done
Event: 7.253 loading class java/lang/StackStreamFactory$WalkerState
Event: 7.253 loading class java/lang/StackStreamFactory$WalkerState done
Event: 7.253 loading class java/lang/StackStreamFactory$1
Event: 7.253 loading class java/lang/StackStreamFactory$1 done
Event: 7.253 loading class java/lang/StackStreamFactory$StackFrameTraverser$StackFrameBuffer
Event: 7.253 loading class java/lang/StackStreamFactory$FrameBuffer
Event: 7.253 loading class java/lang/StackStreamFactory$FrameBuffer done
Event: 7.253 loading class java/lang/StackStreamFactory$StackFrameTraverser$StackFrameBuffer done


Dynamic libraries:
0x00007ff7748e0000 - 0x00007ff7748ee000 	C:\Users\HP\.p2\pool\plugins\org.eclipse.justj.openjdk.hotspot.jre.full.win32.x86_64_17.0.2.v20220201-1208\jre\bin\javaw.exe
0x00007fffd5370000 - 0x00007fffd5568000 	C:\Windows\SYSTEM32\ntdll.dll
0x00007fffd4c40000 - 0x00007fffd4cfd000 	C:\Windows\System32\KERNEL32.DLL
0x00007fffd2e90000 - 0x00007fffd315e000 	C:\Windows\System32\KERNELBASE.dll
0x00007fffd3160000 - 0x00007fffd3260000 	C:\Windows\System32\ucrtbase.dll
0x00007fffcae50000 - 0x00007fffcae68000 	C:\Users\HP\.p2\pool\plugins\org.eclipse.justj.openjdk.hotspot.jre.full.win32.x86_64_17.0.2.v20220201-1208\jre\bin\jli.dll
0x00007fffc8410000 - 0x00007fffc8429000 	C:\Users\HP\.p2\pool\plugins\org.eclipse.justj.openjdk.hotspot.jre.full.win32.x86_64_17.0.2.v20220201-1208\jre\bin\VCRUNTIME140.dll
0x00007fffd48a0000 - 0x00007fffd4a40000 	C:\Windows\System32\USER32.dll
0x00007fffd3260000 - 0x00007fffd3282000 	C:\Windows\System32\win32u.dll
0x00007fffd4c10000 - 0x00007fffd4c3a000 	C:\Windows\System32\GDI32.dll
0x00007fffd2d30000 - 0x00007fffd2e3b000 	C:\Windows\System32\gdi32full.dll
0x00007fffd3290000 - 0x00007fffd332d000 	C:\Windows\System32\msvcp_win.dll
0x00007fffbf820000 - 0x00007fffbfaba000 	C:\Windows\WinSxS\amd64_microsoft.windows.common-controls_6595b64144ccf1df_6.0.19041.1110_none_60b5254171f9507e\COMCTL32.dll
0x00007fffd3500000 - 0x00007fffd359e000 	C:\Windows\System32\msvcrt.dll
0x00007fffd4710000 - 0x00007fffd4740000 	C:\Windows\System32\IMM32.DLL
0x00007fffcd1f0000 - 0x00007fffcd1fc000 	C:\Users\HP\.p2\pool\plugins\org.eclipse.justj.openjdk.hotspot.jre.full.win32.x86_64_17.0.2.v20220201-1208\jre\bin\vcruntime140_1.dll
0x00007fffaf0b0000 - 0x00007fffaf141000 	C:\Users\HP\.p2\pool\plugins\org.eclipse.justj.openjdk.hotspot.jre.full.win32.x86_64_17.0.2.v20220201-1208\jre\bin\msvcp140.dll
0x00007fff93340000 - 0x00007fff93f87000 	C:\Users\HP\.p2\pool\plugins\org.eclipse.justj.openjdk.hotspot.jre.full.win32.x86_64_17.0.2.v20220201-1208\jre\bin\server\jvm.dll
0x00007fffd3b00000 - 0x00007fffd3bae000 	C:\Windows\System32\ADVAPI32.dll
0x00007fffd4b70000 - 0x00007fffd4c0c000 	C:\Windows\System32\sechost.dll
0x00007fffd33d0000 - 0x00007fffd34f5000 	C:\Windows\System32\RPCRT4.dll
0x00007fffd5320000 - 0x00007fffd5328000 	C:\Windows\System32\PSAPI.DLL
0x00007fffd00c0000 - 0x00007fffd00c9000 	C:\Windows\SYSTEM32\WSOCK32.dll
0x00007fffca6e0000 - 0x00007fffca6ea000 	C:\Windows\SYSTEM32\VERSION.dll
0x00007fffd47b0000 - 0x00007fffd481b000 	C:\Windows\System32\WS2_32.dll
0x00007fffc8450000 - 0x00007fffc8477000 	C:\Windows\SYSTEM32\WINMM.dll
0x00007fffd0990000 - 0x00007fffd09a2000 	C:\Windows\SYSTEM32\kernel.appcore.dll
0x00007fffccec0000 - 0x00007fffcceca000 	C:\Users\HP\.p2\pool\plugins\org.eclipse.justj.openjdk.hotspot.jre.full.win32.x86_64_17.0.2.v20220201-1208\jre\bin\jimage.dll
0x00007fffc1750000 - 0x00007fffc1934000 	C:\Windows\SYSTEM32\DBGHELP.DLL
0x00007fffc13b0000 - 0x00007fffc13dc000 	C:\Windows\SYSTEM32\dbgcore.DLL
0x00007fffd2a90000 - 0x00007fffd2b12000 	C:\Windows\System32\bcryptPrimitives.dll
0x00007fffcb9a0000 - 0x00007fffcb9c5000 	C:\Users\HP\.p2\pool\plugins\org.eclipse.justj.openjdk.hotspot.jre.full.win32.x86_64_17.0.2.v20220201-1208\jre\bin\java.dll
0x00007fffccea0000 - 0x00007fffcceb8000 	C:\Users\HP\.p2\pool\plugins\org.eclipse.justj.openjdk.hotspot.jre.full.win32.x86_64_17.0.2.v20220201-1208\jre\bin\zip.dll
0x00007fffd3fc0000 - 0x00007fffd4704000 	C:\Windows\System32\SHELL32.dll
0x00007fffd0b90000 - 0x00007fffd1324000 	C:\Windows\SYSTEM32\windows.storage.dll
0x00007fffd3c60000 - 0x00007fffd3fb4000 	C:\Windows\System32\combase.dll
0x00007fffd2420000 - 0x00007fffd2450000 	C:\Windows\SYSTEM32\Wldp.dll
0x00007fffd5250000 - 0x00007fffd52fd000 	C:\Windows\System32\SHCORE.dll
0x00007fffd4d00000 - 0x00007fffd4d55000 	C:\Windows\System32\shlwapi.dll
0x00007fffd29d0000 - 0x00007fffd29ef000 	C:\Windows\SYSTEM32\profapi.dll
0x00007fffcb980000 - 0x00007fffcb999000 	C:\Users\HP\.p2\pool\plugins\org.eclipse.justj.openjdk.hotspot.jre.full.win32.x86_64_17.0.2.v20220201-1208\jre\bin\net.dll
0x00007fffc6960000 - 0x00007fffc6a6a000 	C:\Windows\SYSTEM32\WINHTTP.dll
0x00007fffd2180000 - 0x00007fffd21ea000 	C:\Windows\system32\mswsock.dll
0x00007fffcb960000 - 0x00007fffcb975000 	C:\Users\HP\.p2\pool\plugins\org.eclipse.justj.openjdk.hotspot.jre.full.win32.x86_64_17.0.2.v20220201-1208\jre\bin\nio.dll
0x00007fffd00f0000 - 0x00007fffd0100000 	C:\Users\HP\.p2\pool\plugins\org.eclipse.justj.openjdk.hotspot.jre.full.win32.x86_64_17.0.2.v20220201-1208\jre\bin\verify.dll
0x00007fffd1eb0000 - 0x00007fffd1f7b000 	C:\Windows\SYSTEM32\DNSAPI.dll
0x00007fffd1e70000 - 0x00007fffd1eab000 	C:\Windows\SYSTEM32\IPHLPAPI.DLL
0x00007fffd4d60000 - 0x00007fffd4d68000 	C:\Windows\System32\NSI.dll
0x00007fffcb290000 - 0x00007fffcb29a000 	C:\Windows\System32\rasadhlp.dll
0x00007fffc6d30000 - 0x00007fffc6db0000 	C:\Windows\System32\fwpuclnt.dll
0x00007fffd3330000 - 0x00007fffd3357000 	C:\Windows\System32\bcrypt.dll
0x00007fffd2370000 - 0x00007fffd2388000 	C:\Windows\SYSTEM32\CRYPTSP.dll
0x00007fffd1b00000 - 0x00007fffd1b34000 	C:\Windows\system32\rsaenh.dll
0x00007fffd2990000 - 0x00007fffd29be000 	C:\Windows\SYSTEM32\USERENV.dll
0x00007fffd2390000 - 0x00007fffd239c000 	C:\Windows\SYSTEM32\CRYPTBASE.dll
0x00007fffc94b0000 - 0x00007fffc94c7000 	C:\Windows\SYSTEM32\dhcpcsvc6.DLL
0x00007fffcb270000 - 0x00007fffcb28d000 	C:\Windows\SYSTEM32\dhcpcsvc.DLL
0x00007fffcb100000 - 0x00007fffcb10e000 	C:\Users\HP\.p2\pool\plugins\org.eclipse.justj.openjdk.hotspot.jre.full.win32.x86_64_17.0.2.v20220201-1208\jre\bin\sunmscapi.dll
0x00007fffd2bd0000 - 0x00007fffd2d26000 	C:\Windows\System32\CRYPT32.dll
0x00007fffd2490000 - 0x00007fffd24b7000 	C:\Windows\SYSTEM32\ncrypt.dll
0x00007fffd2450000 - 0x00007fffd248b000 	C:\Windows\SYSTEM32\NTASN1.dll
0x00007fffc72c0000 - 0x00007fffc72c9000 	C:\Users\HP\.p2\pool\plugins\org.eclipse.justj.openjdk.hotspot.jre.full.win32.x86_64_17.0.2.v20220201-1208\jre\bin\management.dll
0x00007fffc5bf0000 - 0x00007fffc5bfb000 	C:\Users\HP\.p2\pool\plugins\org.eclipse.justj.openjdk.hotspot.jre.full.win32.x86_64_17.0.2.v20220201-1208\jre\bin\management_ext.dll
0x00007fffcba80000 - 0x00007fffcba87000 	C:\Windows\system32\wshunix.dll
0x00007fffa3110000 - 0x00007fffa3127000 	C:\Windows\system32\napinsp.dll
0x00007fffbb060000 - 0x00007fffbb07b000 	C:\Windows\system32\pnrpnsp.dll
0x00007fffccf10000 - 0x00007fffccf25000 	C:\Windows\system32\wshbth.dll
0x00007fffce490000 - 0x00007fffce4ad000 	C:\Windows\system32\NLAapi.dll
0x00007fffbb080000 - 0x00007fffbb092000 	C:\Windows\System32\winrnr.dll

dbghelp: loaded successfully - version: 4.0.5 - missing functions: none
symbol engine: initialized successfully - sym options: 0x614 - pdb path: (cannot be retrieved)

VM Arguments:
jvm_args: -ea -Dfile.encoding=Cp1252 -XX:+ShowCodeDetailsInExceptionMessages 
java_command: org.testng.remote.RemoteTestNG -serport 53664 -protocol json -d C:\Users\HP\eclipse-workspace-second\Payroll\test-output C:\Users\HP\AppData\Local\Temp\testng-eclipse--568501418\testng-customsuite.xml
java_class_path (initial): C:\Users\HP\eclipse\java-2021-12\eclipse\configuration\org.eclipse.osgi\432\0\.cp\lib\testng-remote.jar;C:\Users\HP\eclipse-workspace-second\Payroll\target\test-classes;C:\Users\HP\eclipse-workspace-second\Payroll\target\classes;C:\Users\HP\.m2\repository\org\apache\poi\poi-ooxml\4.1.2\poi-ooxml-4.1.2.jar;C:\Users\HP\.m2\repository\org\apache\poi\poi-ooxml-schemas\4.1.2\poi-ooxml-schemas-4.1.2.jar;C:\Users\HP\.m2\repository\org\apache\xmlbeans\xmlbeans\3.1.0\xmlbeans-3.1.0.jar;C:\Users\HP\.m2\repository\org\apache\commons\commons-compress\1.19\commons-compress-1.19.jar;C:\Users\HP\.m2\repository\com\github\virtuald\curvesapi\1.06\curvesapi-1.06.jar;C:\Users\HP\.m2\repository\org\apache\poi\poi\4.1.2\poi-4.1.2.jar;C:\Users\HP\.m2\repository\commons-codec\commons-codec\1.13\commons-codec-1.13.jar;C:\Users\HP\.m2\repository\org\apache\commons\commons-collections4\4.4\commons-collections4-4.4.jar;C:\Users\HP\.m2\repository\org\apache\commons\commons-math3\3.6.1\commons-math3-3.6.1.jar;C:\Users\HP\.m2\repository\com\zaxxer\SparseBitSet\1.2\SparseBitSet-1.2.jar;C:\Users\HP\.m2\repository\com\aventstack\extentreports\4.0.9\extentreports-4.0.9.jar;C:\Users\HP\.m2\repository\org\freemarker\freemarker\2.3.23\freemarker-2.3.23.jar;C:\Users\HP\.m2\repository\org\mongodb\mongodb-driver\3.3.0\mongodb-driver-3.3.0.jar;C:\Users\HP\.m2\repository\org\mongodb\mongodb-driver-core\3.3.0\mongodb-driver-core-3.3.0.jar;C:\Users\HP\.m2\repository\org\mongodb\bson\3.3.0\bson-3.3.0.jar;C:\Users\HP\.m2\repository\org\apache\httpcomponents\httpclient\4.5.2\httpclient-4.5.2.jar;C:\Users\HP\.m2\repository\org\apache\httpcomponents\httpcore\4.4.4\httpcore-4.4.4.jar;C:\Users\HP\.m2\repository\commons-logging\commons-logging\1.2\commons-logging-1.2.jar;C:\Users\HP\.m2\repository\org\apache\httpcomponents\httpmime\4.5.2\httpmime-4.5.2.jar;C:\Users\HP\.m2\repository\com\google\code\gson\gson\2.8.5\gson-2.8.5.jar;C:\Users\HP\.m2\repository\commons-io\commons-io\2.6\commons
Launcher Type: SUN_STANDARD

[Global flags]
     intx CICompilerCount                          = 4                                         {product} {ergonomic}
     uint ConcGCThreads                            = 2                                         {product} {ergonomic}
     uint G1ConcRefinementThreads                  = 8                                         {product} {ergonomic}
   size_t G1HeapRegionSize                         = 1048576                                   {product} {ergonomic}
    uintx GCDrainStackTargetSize                   = 64                                        {product} {ergonomic}
   size_t InitialHeapSize                          = 58720256                                  {product} {ergonomic}
   size_t MarkStackSize                            = 4194304                                   {product} {ergonomic}
   size_t MaxHeapSize                              = 918552576                                 {product} {ergonomic}
   size_t MaxNewSize                               = 550502400                                 {product} {ergonomic}
   size_t MinHeapDeltaBytes                        = 1048576                                   {product} {ergonomic}
   size_t MinHeapSize                              = 8388608                                   {product} {ergonomic}
    uintx NonNMethodCodeHeapSize                   = 5839372                                {pd product} {ergonomic}
    uintx NonProfiledCodeHeapSize                  = 122909434                              {pd product} {ergonomic}
    uintx ProfiledCodeHeapSize                     = 122909434                              {pd product} {ergonomic}
    uintx ReservedCodeCacheSize                    = 251658240                              {pd product} {ergonomic}
     bool SegmentedCodeCache                       = true                                      {product} {ergonomic}
     bool ShowCodeDetailsInExceptionMessages       = true                                   {manageable} {command line}
   size_t SoftMaxHeapSize                          = 918552576                              {manageable} {ergonomic}
     bool UseCompressedClassPointers               = true                           {product lp64_product} {ergonomic}
     bool UseCompressedOops                        = true                           {product lp64_product} {ergonomic}
     bool UseG1GC                                  = true                                      {product} {ergonomic}
     bool UseLargePagesIndividualAllocation        = false                                  {pd product} {ergonomic}

Logging:
Log output configuration:
 #0: stdout all=warning uptime,level,tags
 #1: stderr all=off uptime,level,tags

Environment Variables:
JAVA_HOME=C:\Program Files\Java\jdk1.8.0_321
PATH=C:/Users/HP/.p2/pool/plugins/org.eclipse.justj.openjdk.hotspot.jre.full.win32.x86_64_17.0.2.v20220201-1208/jre/bin/server;C:/Users/HP/.p2/pool/plugins/org.eclipse.justj.openjdk.hotspot.jre.full.win32.x86_64_17.0.2.v20220201-1208/jre/bin;C:\Program Files (x86)\Common Files\Oracle\Java\javapath;C:\Windows\system32;C:\Windows;C:\Windows\System32\Wbem;C:\Windows\System32\WindowsPowerShell\v1.0\;C:\Windows\System32\OpenSSH\;C:\Program Files\apache-maven-3.8.5\bin;C:\Program Files\Git\cmd;C:\Program Files\Git\mingw64\bin;C:\Program Files\Git\usr\bin;C:\Program Files\Java\jdk1.8.0_321\bin;C:\Windows\System32;
USERNAME=HP
OS=Windows_NT
PROCESSOR_IDENTIFIER=AMD64 Family 23 Model 24 Stepping 1, AuthenticAMD



---------------  S Y S T E M  ---------------

OS:
 Windows 10 , 64 bit Build 19041 (10.0.19041.1806)
OS uptime: 6 days 18:19 hours

CPU: total 8 (initial active 8) (8 cores per cpu, 2 threads per core) family 23 model 24 stepping 1 microcode 0x0, cx8, cmov, fxsr, ht, mmx, 3dnowpref, sse, sse2, sse3, ssse3, sse4a, sse4.1, sse4.2, popcnt, lzcnt, tsc, tscinvbit, avx, avx2, aes, clmul, bmi1, bmi2, adx, sha, fma, vzeroupper, clflush, clflushopt

Memory: 4k page, system-wide physical 3498M (25M free)
TotalPageFile size 14250M (AvailPageFile size 0M)
current process WorkingSet (physical memory assigned to process): 140M, peak: 156M
current process commit charge ("private bytes"): 178M, peak: 191M

vm_info: OpenJDK 64-Bit Server VM (17.0.2+8) for windows-amd64 JRE (17.0.2+8), built on Jan 20 2022 04:52:34 by "" with MS VC++ 16.7 (VS2019)

END.
